<?xml version="1.0" encoding="UTF-8"?>
<!-- Generated by org.testng.reporters.JUnitXMLReporter -->
<testsuite hostname="LAPTOP-OO14C4N6" ignored="0" name="Default test" tests="3" failures="0" timestamp="03 Dec 2018 02:19:03 GMT" time="29.031" errors="0">
  <testcase name="clickOnSignInButton" time="3.652" classname="com.emailTests.GmailAutomation"/>
  <testcase name="enterUserNameAndPassword" time="1.018" classname="com.emailTests.GmailAutomation"/>
  <testcase name="sendingAnEmail" time="12.938" classname="com.emailTests.GmailAutomation"/>
</testsuite> <!-- Default test -->
