<?xml version="1.0" encoding="UTF-8"?>
<testng-results skipped="0" failed="0" ignored="0" total="3" passed="3">
  <reporter-output>
  </reporter-output>
  <suite name="Default suite" duration-ms="29031" started-at="2018-12-03T02:18:34Z" finished-at="2018-12-03T02:19:03Z">
    <groups>
    </groups>
    <test name="Default test" duration-ms="29031" started-at="2018-12-03T02:18:34Z" finished-at="2018-12-03T02:19:03Z">
      <class name="com.emailTests.GmailAutomation">
        <test-method status="PASS" signature="beforeMethodInBase(java.lang.String)[pri:0, instance:com.emailTests.GmailAutomation@2a5ca609]" name="beforeMethodInBase" is-config="true" duration-ms="5973" started-at="2018-12-02T22:18:34Z" finished-at="2018-12-02T22:18:40Z">
          <params>
            <param index="0">
              <value>
                <![CDATA[chrome]]>
              </value>
            </param>
          </params>
          <reporter-output>
          </reporter-output>
        </test-method> <!-- beforeMethodInBase -->
        <test-method status="PASS" signature="setUp()[pri:0, instance:com.emailTests.GmailAutomation@2a5ca609]" name="setUp" is-config="true" duration-ms="46" started-at="2018-12-02T22:18:40Z" finished-at="2018-12-02T22:18:40Z">
          <reporter-output>
          </reporter-output>
        </test-method> <!-- setUp -->
        <test-method status="PASS" signature="clickOnSignInButton()[pri:1, instance:com.emailTests.GmailAutomation@2a5ca609]" name="clickOnSignInButton" duration-ms="3652" started-at="2018-12-02T22:18:40Z" finished-at="2018-12-02T22:18:43Z">
          <reporter-output>
          </reporter-output>
        </test-method> <!-- clickOnSignInButton -->
        <test-method status="PASS" signature="setUp()[pri:0, instance:com.emailTests.GmailAutomation@2a5ca609]" name="setUp" is-config="true" duration-ms="0" started-at="2018-12-02T22:18:43Z" finished-at="2018-12-02T22:18:43Z">
          <reporter-output>
          </reporter-output>
        </test-method> <!-- setUp -->
        <test-method status="PASS" signature="enterUserNameAndPassword()[pri:2, instance:com.emailTests.GmailAutomation@2a5ca609]" name="enterUserNameAndPassword" duration-ms="1018" started-at="2018-12-02T22:18:43Z" finished-at="2018-12-02T22:18:44Z">
          <reporter-output>
          </reporter-output>
        </test-method> <!-- enterUserNameAndPassword -->
        <test-method status="PASS" signature="setUp()[pri:0, instance:com.emailTests.GmailAutomation@2a5ca609]" name="setUp" is-config="true" duration-ms="1" started-at="2018-12-02T22:18:44Z" finished-at="2018-12-02T22:18:44Z">
          <reporter-output>
          </reporter-output>
        </test-method> <!-- setUp -->
        <test-method status="PASS" signature="sendingAnEmail()[pri:3, instance:com.emailTests.GmailAutomation@2a5ca609]" name="sendingAnEmail" duration-ms="12938" started-at="2018-12-02T22:18:44Z" finished-at="2018-12-02T22:18:57Z">
          <reporter-output>
          </reporter-output>
        </test-method> <!-- sendingAnEmail -->
        <test-method status="PASS" signature="teardown()[pri:0, instance:com.emailTests.GmailAutomation@2a5ca609]" name="teardown" is-config="true" duration-ms="5371" started-at="2018-12-02T22:18:57Z" finished-at="2018-12-02T22:19:03Z">
          <reporter-output>
          </reporter-output>
        </test-method> <!-- teardown -->
      </class> <!-- com.emailTests.GmailAutomation -->
    </test> <!-- Default test -->
  </suite> <!-- Default suite -->
</testng-results>
